<?xml version="1.0" encoding="UTF-8"?>
<!-- Generated by org.testng.reporters.JUnitXMLReporter -->
<testsuite ignored="3" hostname="BA-000311899" failures="0" tests="13" name="Jenkins Test" time="181.079" errors="0" timestamp="2023-02-20T14:33:31 IST">
  <testcase classname="com.telus.testcases.TestMethodsTest" name="logo" time="1.055"/>
  <testcase classname="com.telus.testcases.TestMethodsTest" name="dropDown" time="41.156"/>
  <testcase classname="com.telus.testcases.TestMethodsTest" name="productSelection" time="17.939"/>
  <testcase classname="com.telus.testcases.TestMethodsTest" name="CreateAccount" time="12.817"/>
  <testcase classname="com.telus.testcases.TestMethodsTest" name="signOut" time="13.64"/>
  <testcase classname="com.telus.testcases.TestMethodsTest" name="SignIn" time="15.277"/>
  <testcase classname="com.telus.testcases.TestMethodsTest" name="equipmentPage" time="12.23"/>
  <testcase classname="com.telus.testcases.TestMethodsTest" name="productPage" time="18.925"/>
  <testcase classname="com.telus.testcases.TestMethodsTest" name="Address" time="18.312"/>
  <testcase classname="com.telus.testcases.TestMethodsTest" name="paymentPage" time="10.149"/>
  <testcase classname="com.telus.testcases.TestMethodsTest" name="successPage" time="3.442"/>
  <testcase classname="com.telus.testcases.TestMethodsTest" name="logOut" time="14.131"/>
  <testcase classname="com.telus.testcases.TestMethodsTest" name="closeApplicstion" time="0.85"/>
  <testcase classname="com.telus.testcases.TestMethodsTest" name="womenroductsName" time="0.0">
    <ignored/>
  </testcase> <!-- womenroductsName -->
  <testcase classname="com.telus.testcases.TestMethodsTest" name="links" time="0.0">
    <ignored/>
  </testcase> <!-- links -->
  <testcase classname="com.telus.testcases.TestMethodsTest" name="mensProductsName" time="0.0">
    <ignored/>
  </testcase> <!-- mensProductsName -->
</testsuite> <!-- Jenkins Test -->
