<?xml version="1.0" encoding="UTF-8"?>
<!-- Generated by org.testng.reporters.JUnitXMLReporter -->
<testsuite ignored="5" hostname="BA-000311899" failures="0" tests="1" name="Test" time="2.377" errors="0" timestamp="2023-01-06T08:23:03 IST">
  <testcase classname="com.telus.testcases.TestMethodsTest" name="logo" time="1.545"/>
  <testcase classname="com.telus.testcases.TestMethodsTest" name="womenroductsName" time="0.0">
    <ignored/>
  </testcase> <!-- womenroductsName -->
  <testcase classname="com.telus.testcases.TestMethodsTest" name="links" time="0.0">
    <ignored/>
  </testcase> <!-- links -->
  <testcase classname="com.telus.testcases.TestMethodsTest" name="mensProductsName" time="0.0">
    <ignored/>
  </testcase> <!-- mensProductsName -->
  <testcase classname="com.telus.testcases.TestMethodsTest" name="dropDown" time="0.0">
    <ignored/>
  </testcase> <!-- dropDown -->
  <testcase classname="com.telus.testcases.TestMethodsTest" name="productSelection" time="0.0">
    <ignored/>
  </testcase> <!-- productSelection -->
</testsuite> <!-- Test -->
