<?xml version="1.0" encoding="UTF-8"?>
<!-- Generated by org.testng.reporters.JUnitXMLReporter -->
<testsuite ignored="6" hostname="BA-000311899" failures="0" tests="2" name="Default test" time="14.25" errors="0" timestamp="2023-01-06T12:34:21 IST">
  <testcase classname="com.telus.testcases.TestMethodsTest" name="Sheet1" time="12.987"/>
  <testcase classname="com.telus.testcases.TestMethodsTest" name="closeApplicstion" time="0.726"/>
  <testcase classname="com.telus.testcases.TestMethodsTest" name="productSelection" time="0.0">
    <ignored/>
  </testcase> <!-- productSelection -->
  <testcase classname="com.telus.testcases.TestMethodsTest" name="logo" time="0.0">
    <ignored/>
  </testcase> <!-- logo -->
  <testcase classname="com.telus.testcases.TestMethodsTest" name="dropDown" time="0.0">
    <ignored/>
  </testcase> <!-- dropDown -->
  <testcase classname="com.telus.testcases.TestMethodsTest" name="links" time="0.0">
    <ignored/>
  </testcase> <!-- links -->
  <testcase classname="com.telus.testcases.TestMethodsTest" name="mensProductsName" time="0.0">
    <ignored/>
  </testcase> <!-- mensProductsName -->
  <testcase classname="com.telus.testcases.TestMethodsTest" name="womenroductsName" time="0.0">
    <ignored/>
  </testcase> <!-- womenroductsName -->
</testsuite> <!-- Default test -->
