<?xml version="1.0" encoding="UTF-8"?>
<!-- Generated by org.testng.reporters.JUnitXMLReporter -->
<testsuite ignored="0" hostname="BA-000311899" failures="0" tests="7" name="Test" time="258.103" errors="0" timestamp="2023-01-06T09:35:25 IST">
  <testcase classname="com.telus.testcases.TestMethodsTest" name="logo" time="0.914"/>
  <testcase classname="com.telus.testcases.TestMethodsTest" name="links" time="93.886"/>
  <testcase classname="com.telus.testcases.TestMethodsTest" name="dropDown" time="42.287"/>
  <testcase classname="com.telus.testcases.TestMethodsTest" name="mensProductsName" time="41.743"/>
  <testcase classname="com.telus.testcases.TestMethodsTest" name="womenroductsName" time="58.395"/>
  <testcase classname="com.telus.testcases.TestMethodsTest" name="productSelection" time="20.043"/>
  <testcase classname="com.telus.testcases.TestMethodsTest" name="closeApplicstion" time="0.78"/>
</testsuite> <!-- Test -->
